<?xml version="1.0" encoding="UTF-8"?>
<!-- Generated by org.testng.reporters.JUnitReportReporter -->
<testsuite skipped="0" hostname="hp" name="qaclickacademy.SeleniumTest" tests="2" failures="0" timestamp="27 Mar 2019 18:14:09 GMT" time="0.013" errors="0">
  <testcase name="BrowserAutomation" time="0.013" classname="qaclickacademy.SeleniumTest"/>
  <testcase name="elementsUI" time="0.000" classname="qaclickacademy.SeleniumTest"/>
</testsuite> <!-- qaclickacademy.SeleniumTest -->
