<?xml version="1.0" encoding="UTF-8"?>
<!-- Generated by org.testng.reporters.JUnitReportReporter -->
<testsuite skipped="0" hostname="hp" name="qaclickacademy.AppiumTest" tests="2" failures="0" timestamp="27 Mar 2019 18:13:50 GMT" time="0.000" errors="0">
  <testcase name="nativeApp" time="0.000" classname="qaclickacademy.AppiumTest"/>
  <testcase name="iosApp" time="0.000" classname="qaclickacademy.AppiumTest"/>
</testsuite> <!-- qaclickacademy.AppiumTest -->
